<?xml version="1.0" encoding="UTF-8"?>
<!-- Generated by org.testng.reporters.JUnitReportReporter -->
<testsuite hostname="HareKrishna" failures="0" tests="3" name="com.orangehrm.qa.testcases.LandingPageTest" time="56.047" errors="0" timestamp="2021-05-11T09:47:15 IST" skipped="0">
  <testcase classname="com.orangehrm.qa.testcases.LandingPageTest" name="validatetitleTest" time="13.300"/>
  <system-out/>
  <testcase classname="com.orangehrm.qa.testcases.LandingPageTest" name="validateLogoTest" time="19.678"/>
  <system-out/>
  <testcase classname="com.orangehrm.qa.testcases.LandingPageTest" name="clickOnFreedemoTest" time="23.069"/>
  <system-out/>
</testsuite> <!-- com.orangehrm.qa.testcases.LandingPageTest -->
