<?xml version="1.0" encoding="UTF-8"?>
<!-- Generated by org.testng.reporters.JUnitReportReporter -->
<testsuite hostname="HareKrishna" failures="0" tests="2" name="com.orangehrm.qa.testcases.ContactSalesPageTest" time="38.768" errors="0" timestamp="2021-05-11T20:02:14 IST" skipped="0">
  <testcase classname="com.orangehrm.qa.testcases.ContactSalesPageTest" name="validateSocialMediaImageTest" time="19.179"/>
  <system-out/>
  <testcase classname="com.orangehrm.qa.testcases.ContactSalesPageTest" name="clickOnBlogTest" time="19.589"/>
  <system-out/>
</testsuite> <!-- com.orangehrm.qa.testcases.ContactSalesPageTest -->
