<?xml version="1.0" encoding="UTF-8"?>
<!-- Generated by org.testng.reporters.JUnitReportReporter -->
<testsuite hostname="HareKrishna" failures="0" tests="2" name="com.orangehrm.qa.testcases.ContactSalesPageTest" time="36.003" errors="0" timestamp="2021-05-11T09:47:15 IST" skipped="0">
  <testcase classname="com.orangehrm.qa.testcases.ContactSalesPageTest" name="validateSocialMediaImageTest" time="17.228"/>
  <system-out/>
  <testcase classname="com.orangehrm.qa.testcases.ContactSalesPageTest" name="clickOnBlogTest" time="18.775"/>
  <system-out/>
</testsuite> <!-- com.orangehrm.qa.testcases.ContactSalesPageTest -->
