<?xml version="1.0" encoding="UTF-8"?>
<!-- Generated by org.testng.reporters.JUnitReportReporter -->
<testsuite hostname="HareKrishna" failures="0" tests="1" name="com.qa.ExtentReportListener.ExtentReporterNG" time="0.010" errors="0" timestamp="2021-05-08T14:14:21 IST" skipped="0">
  <testcase classname="com.qa.ExtentReportListener.ExtentReporterNG" name="passTest" time="0.010"/>
  <system-out/>
</testsuite> <!-- com.qa.ExtentReportListener.ExtentReporterNG -->
