<?xml version="1.0" encoding="UTF-8"?>
<!-- Generated by org.testng.reporters.JUnitReportReporter -->
<testsuite hostname="HareKrishna" failures="0" tests="4" name="com.orangehrm.qa.testcases.FreeDemoPageTest" time="90.369" errors="0" timestamp="2021-05-11T09:47:15 IST" skipped="0">
  <testcase classname="com.orangehrm.qa.testcases.FreeDemoPageTest" name="createUser" time="20.636"/>
  <system-out/>
  <testcase classname="com.orangehrm.qa.testcases.FreeDemoPageTest" name="createMultiUser" time="21.903"/>
  <system-out/>
  <testcase classname="com.orangehrm.qa.testcases.FreeDemoPageTest" name="createMultiUser" time="22.526"/>
  <system-out/>
  <testcase classname="com.orangehrm.qa.testcases.FreeDemoPageTest" name="createMultiUser" time="25.304"/>
  <system-out/>
</testsuite> <!-- com.orangehrm.qa.testcases.FreeDemoPageTest -->
