<?xml version="1.0" encoding="UTF-8"?>
<!-- Generated by org.testng.reporters.JUnitReportReporter -->
<testsuite hostname="HareKrishna" failures="0" tests="4" name="com.orangehrm.qa.testcases.FreeDemoPageTest" time="95.571" errors="0" timestamp="2021-05-12T19:10:35 IST" skipped="0">
  <testcase classname="com.orangehrm.qa.testcases.FreeDemoPageTest" name="createMultiUser" time="24.298"/>
  <system-out/>
  <testcase classname="com.orangehrm.qa.testcases.FreeDemoPageTest" name="createMultiUser" time="27.058"/>
  <system-out/>
  <testcase classname="com.orangehrm.qa.testcases.FreeDemoPageTest" name="createMultiUser" time="19.906"/>
  <system-out/>
  <testcase classname="com.orangehrm.qa.testcases.FreeDemoPageTest" name="createUser" time="24.309"/>
  <system-out/>
</testsuite> <!-- com.orangehrm.qa.testcases.FreeDemoPageTest -->
