<?xml version="1.0" encoding="UTF-8"?>
<!-- Generated by org.testng.reporters.JUnitReportReporter -->
<testsuite hostname="HareKrishna" failures="0" tests="2" name="com.orangehrm.qa.testcases.ContactSalesPageTest" time="40.659" errors="0" timestamp="2021-05-12T19:10:35 IST" skipped="0">
  <testcase classname="com.orangehrm.qa.testcases.ContactSalesPageTest" name="validateSocialMediaImageTest" time="20.511"/>
  <system-out/>
  <testcase classname="com.orangehrm.qa.testcases.ContactSalesPageTest" name="clickOnBlogTest" time="20.148"/>
  <system-out/>
</testsuite> <!-- com.orangehrm.qa.testcases.ContactSalesPageTest -->
