<?xml version="1.0" encoding="UTF-8"?>
<!-- Generated by org.testng.reporters.JUnitReportReporter -->
<testsuite hostname="HareKrishna" failures="0" tests="2" name="com.orangehrm.qa.testcases.ContactSalesPageTest" time="57.421" errors="0" timestamp="2021-05-11T16:21:27 IST" skipped="0">
  <testcase classname="com.orangehrm.qa.testcases.ContactSalesPageTest" name="validateSocialMediaImageTest" time="29.036"/>
  <system-out/>
  <testcase classname="com.orangehrm.qa.testcases.ContactSalesPageTest" name="clickOnBlogTest" time="28.385"/>
  <system-out/>
</testsuite> <!-- com.orangehrm.qa.testcases.ContactSalesPageTest -->
