<?xml version="1.0" encoding="UTF-8"?>
<!-- Generated by org.testng.reporters.JUnitReportReporter -->
<testsuite hostname="HareKrishna" failures="0" tests="4" name="com.orangehrm.qa.testcases.FreeDemoPageTest" time="73.726" errors="0" timestamp="2021-05-11T20:02:14 IST" skipped="0">
  <testcase classname="com.orangehrm.qa.testcases.FreeDemoPageTest" name="createUser" time="17.520"/>
  <system-out/>
  <testcase classname="com.orangehrm.qa.testcases.FreeDemoPageTest" name="createMultiUser" time="17.257"/>
  <system-out/>
  <testcase classname="com.orangehrm.qa.testcases.FreeDemoPageTest" name="createMultiUser" time="21.325"/>
  <system-out/>
  <testcase classname="com.orangehrm.qa.testcases.FreeDemoPageTest" name="createMultiUser" time="17.624"/>
  <system-out/>
</testsuite> <!-- com.orangehrm.qa.testcases.FreeDemoPageTest -->
